Using pre-set license
Built from '2020.3/staging' branch; Version is '2020.3.14f1 (d0d1bb862f9d) revision 13685179'; Using compiler version '192528614'; Build Type 'Release'
OS: 'Windows 10 Education; OS build 19042.1288; Version 2009; 64bit' Language: 'en' Physical Memory: 16180 MB
BatchMode: 1, IsHumanControllingUs: 0, StartBugReporterOnCrash: 0, Is64bit: 1, IsPro: 0

 COMMAND LINE ARGUMENTS:
C:\Program Files\Unity\Editor\Unity.exe
-adb2
-batchMode
-noUpm
-name
AssetImportWorker0
-projectPath
C:/Users/w0448970/OneDrive - Nova Scotia Community College/Level Design/materials
-logFile
Logs/AssetImportWorker0.log
-srvPort
62943
Successfully changed project path to: C:/Users/w0448970/OneDrive - Nova Scotia Community College/Level Design/materials
C:/Users/w0448970/OneDrive - Nova Scotia Community College/Level Design/materials
Using Asset Import Pipeline V2.
Refreshing native plugins compatible for Editor in 26.97 ms, found 2 plugins.
Preloading 0 native plugins for Editor in 0.00 ms.
Initialize engine version: 2020.3.14f1 (d0d1bb862f9d)
[Subsystems] Discovering subsystems at path C:/Program Files/Unity/Editor/Data/Resources/UnitySubsystems
[Subsystems] Discovering subsystems at path C:/Users/w0448970/OneDrive - Nova Scotia Community College/Level Design/materials/Assets
GfxDevice: creating device client; threaded=0
Direct3D:
    Version:  Direct3D 11.0 [level 11.0]
    Renderer: NVIDIA Quadro K2200 (ID=0x13ba)
    Vendor:   
    VRAM:     4053 MB
    Driver:   27.21.14.6192
Initialize mono
Mono path[0] = 'C:/Program Files/Unity/Editor/Data/Managed'
Mono path[1] = 'C:/Program Files/Unity/Editor/Data/MonoBleedingEdge/lib/mono/unityjit'
Mono config path = 'C:/Program Files/Unity/Editor/Data/MonoBleedingEdge/etc'
Using monoOptions --debugger-agent=transport=dt_socket,embedding=1,server=y,suspend=n,address=127.0.0.1:56356
Begin MonoManager ReloadAssembly
Registering precompiled unity dll's ...
Register platform support module: C:/Program Files/Unity/Editor/Data/PlaybackEngines/WindowsStandaloneSupport/UnityEditor.WindowsStandalone.Extensions.dll
Registered in 0.002257 seconds.
Native extension for WindowsStandalone target not found
Refreshing native plugins compatible for Editor in 24.81 ms, found 2 plugins.
Preloading 0 native plugins for Editor in 0.00 ms.
Mono: successfully reloaded assembly
- Completed reload, in  1.043 seconds
Domain Reload Profiling:
	ReloadAssembly (1044ms)
		BeginReloadAssembly (54ms)
			ExecutionOrderSort (0ms)
			DisableScriptedObjects (0ms)
			BackupInstance (0ms)
			ReleaseScriptingObjects (0ms)
			CreateAndSetChildDomain (1ms)
		EndReloadAssembly (396ms)
			LoadAssemblies (52ms)
			RebuildTransferFunctionScriptingTraits (0ms)
			SetupTypeCache (147ms)
			ReleaseScriptCaches (0ms)
			RebuildScriptCaches (32ms)
			SetupLoadedEditorAssemblies (150ms)
				LogAssemblyErrors (0ms)
				InitializePlatformSupportModulesInManaged (4ms)
				SetLoadedEditorAssemblies (0ms)
				RefreshPlugins (25ms)
				BeforeProcessingInitializeOnLoad (7ms)
				ProcessInitializeOnLoadAttributes (83ms)
				ProcessInitializeOnLoadMethodAttributes (31ms)
				AfterProcessingInitializeOnLoad (0ms)
				EditorAssembliesLoaded (0ms)
			ExecutionOrderSort2 (0ms)
			AwakeInstancesAfterBackupRestoration (0ms)
Platform modules already initialized, skipping
Registering precompiled user dll's ...
Registered in 0.004922 seconds.
Begin MonoManager ReloadAssembly
Native extension for WindowsStandalone target not found
Refreshing native plugins compatible for Editor in 0.45 ms, found 2 plugins.
Preloading 0 native plugins for Editor in 0.00 ms.
Mono: successfully reloaded assembly
- Completed reload, in  1.002 seconds
Domain Reload Profiling:
	ReloadAssembly (1003ms)
		BeginReloadAssembly (139ms)
			ExecutionOrderSort (0ms)
			DisableScriptedObjects (4ms)
			BackupInstance (0ms)
			ReleaseScriptingObjects (0ms)
			CreateAndSetChildDomain (17ms)
		EndReloadAssembly (804ms)
			LoadAssemblies (85ms)
			RebuildTransferFunctionScriptingTraits (0ms)
			SetupTypeCache (263ms)
			ReleaseScriptCaches (0ms)
			RebuildScriptCaches (41ms)
			SetupLoadedEditorAssemblies (309ms)
				LogAssemblyErrors (0ms)
				InitializePlatformSupportModulesInManaged (4ms)
				SetLoadedEditorAssemblies (1ms)
				RefreshPlugins (1ms)
				BeforeProcessingInitializeOnLoad (61ms)
				ProcessInitializeOnLoadAttributes (231ms)
				ProcessInitializeOnLoadMethodAttributes (4ms)
				AfterProcessingInitializeOnLoad (6ms)
				EditorAssembliesLoaded (0ms)
			ExecutionOrderSort2 (0ms)
			AwakeInstancesAfterBackupRestoration (7ms)
Platform modules already initialized, skipping
========================================================================
Worker process is ready to serve import requests
Launched and connected shader compiler UnityShaderCompiler.exe after 0.04 seconds
Refreshing native plugins compatible for Editor in 0.27 ms, found 2 plugins.
Preloading 0 native plugins for Editor in 0.00 ms.
Unloading 1390 Unused Serialized files (Serialized files now loaded: 0)
System memory in use before: 65.2 MB.
System memory in use after: 65.3 MB.

Unloading 19 unused Assets to reduce memory usage. Loaded Objects now: 1823.
Total: 1.781600 ms (FindLiveObjects: 0.177900 ms CreateObjectMapping: 0.055400 ms MarkObjects: 1.473900 ms  DeleteObjects: 0.073500 ms)

AssetImportParameters requested are different than current active one (requested -> active):
  custom:framework-win-MediaFoundation: 216162199b28c13a410421893ffa2e32 -> 
  custom:video-decoder-ogg-theora: a1e56fd34408186e4bbccfd4996cb3dc -> 
  custom:container-muxer-webm: aa71ff27fc2769a1b78a27578f13a17b -> 
  custom:container-demuxer-webm: 4f35f7cbe854078d1ac9338744f61a02 -> 
  custom:container-demuxer-ogg: 62fdf1f143b41e24485cea50d1cbac27 -> 
  custom:video-encoder-webm-vp8: eb34c28f22e8b96e1ab97ce403110664 -> 
  custom:video-decoder-webm-vp8: 9c59270c3fd7afecdb556c50c9e8de78 -> 
  custom:audio-decoder-ogg-vorbis: bf7c407c2cedff20999df2af8eb42d56 -> 
  custom:audio-encoder-webm-vorbis: bf7c407c2cedff20999df2af8eb42d56 -> 
========================================================================
Received Import Request.
  path: Assets
  artifactKey: Guid(00000000000000001000000000000000) Importer(815301076,1909f56bfc062723c751e8b465ee728b)
Start importing Assets using Guid(00000000000000001000000000000000) Importer(815301076,1909f56bfc062723c751e8b465ee728b)  -> (artifact id: '42d402b061de3733987d63b9cc3b64de') in 0.012132 seconds 
  Import took 0.015143 seconds .

========================================================================
Received Import Request.
  Time since last request: 18.197239 seconds.
  path: Assets/materials
  artifactKey: Guid(883756f236fb17a49b2c15dd8deb046c) Importer(815301076,1909f56bfc062723c751e8b465ee728b)
Start importing Assets/materials using Guid(883756f236fb17a49b2c15dd8deb046c) Importer(815301076,1909f56bfc062723c751e8b465ee728b)  -> (artifact id: '03be57a2b525bea39b3e8df897f1ead0') in 0.008825 seconds 
  Import took 0.011472 seconds .

========================================================================
Received Import Request.
  Time since last request: 17.369475 seconds.
  path: Assets/materials/balck.mat
  artifactKey: Guid(4974b2f587c1a6743a51eabdfd7cea84) Importer(815301076,1909f56bfc062723c751e8b465ee728b)
Start importing Assets/materials/balck.mat using Guid(4974b2f587c1a6743a51eabdfd7cea84) Importer(815301076,1909f56bfc062723c751e8b465ee728b)  -> (artifact id: '68b6ae2cad8f48a889626bb07d08e451') in 0.113458 seconds 
  Import took 0.116632 seconds .

========================================================================
Received Import Request.
  Time since last request: 214.308223 seconds.
  path: Assets/materials/New Material.mat
  artifactKey: Guid(4ad9ba0a81d5fd440a2123bf9833aaab) Importer(815301076,1909f56bfc062723c751e8b465ee728b)
Start importing Assets/materials/New Material.mat using Guid(4ad9ba0a81d5fd440a2123bf9833aaab) Importer(815301076,1909f56bfc062723c751e8b465ee728b)  -> (artifact id: 'adab0e2e072e1230072322e77661418d') in 0.013644 seconds 
  Import took 0.017877 seconds .

========================================================================
Received Import Request.
  Time since last request: 48.667267 seconds.
  path: Assets/materials/Yell.mat
  artifactKey: Guid(4ad9ba0a81d5fd440a2123bf9833aaab) Importer(815301076,1909f56bfc062723c751e8b465ee728b)
Start importing Assets/materials/Yell.mat using Guid(4ad9ba0a81d5fd440a2123bf9833aaab) Importer(815301076,1909f56bfc062723c751e8b465ee728b)  -> (artifact id: 'fb6f82ec3f91d222a86af9c37f8950e2') in 0.011376 seconds 
  Import took 0.013814 seconds .

========================================================================
Received Import Request.
  Time since last request: 57.366245 seconds.
  path: Assets/materials/blue.mat
  artifactKey: Guid(8b7e5169fc270ce43ae65b4bbd681600) Importer(815301076,1909f56bfc062723c751e8b465ee728b)
Start importing Assets/materials/blue.mat using Guid(8b7e5169fc270ce43ae65b4bbd681600) Importer(815301076,1909f56bfc062723c751e8b465ee728b)  -> (artifact id: 'b03748d7dcc886d64e668edce90a9891') in 0.014357 seconds 
  Import took 0.019748 seconds .

========================================================================
Received Import Request.
  Time since last request: 15.103769 seconds.
  path: Assets/materials/blue Translucent.mat
  artifactKey: Guid(8b7e5169fc270ce43ae65b4bbd681600) Importer(815301076,1909f56bfc062723c751e8b465ee728b)
Start importing Assets/materials/blue Translucent.mat using Guid(8b7e5169fc270ce43ae65b4bbd681600) Importer(815301076,1909f56bfc062723c751e8b465ee728b)  -> (artifact id: 'bb2714dc037f25dc5d5310aa63740f3f') in 0.012096 seconds 
  Import took 0.014854 seconds .

========================================================================
Received Import Request.
  Time since last request: 187.755379 seconds.
  path: Assets/materials/Seamless texture.mat
  artifactKey: Guid(7cdd1cb6eab6b6c479878927fec972ef) Importer(815301076,1909f56bfc062723c751e8b465ee728b)
Start importing Assets/materials/Seamless texture.mat using Guid(7cdd1cb6eab6b6c479878927fec972ef) Importer(815301076,1909f56bfc062723c751e8b465ee728b)  -> (artifact id: 'c1223c8d24b9f826c62b21b39f7a7148') in 0.013664 seconds 
  Import took 0.016333 seconds .

========================================================================
Received Import Request.
  Time since last request: 132.951286 seconds.
  path: Assets/materials/Featured.jpg
  artifactKey: Guid(09786eafd7f7c9d459724aa24971fc33) Importer(815301076,1909f56bfc062723c751e8b465ee728b)
Start importing Assets/materials/Featured.jpg using Guid(09786eafd7f7c9d459724aa24971fc33) Importer(815301076,1909f56bfc062723c751e8b465ee728b)  -> (artifact id: 'c028aadbd613a6b44a973cc41a444f04') in 0.049582 seconds 
  Import took 0.052056 seconds .

========================================================================
Received Import Request.
  Time since last request: 0.001948 seconds.
  path: Assets/materials/Featured.jpg
  artifactKey: Guid(09786eafd7f7c9d459724aa24971fc33) Importer(815301076,1909f56bfc062723c751e8b465ee728b)
Start importing Assets/materials/Featured.jpg using Guid(09786eafd7f7c9d459724aa24971fc33) Importer(815301076,1909f56bfc062723c751e8b465ee728b)  -> (artifact id: 'c028aadbd613a6b44a973cc41a444f04') in 0.014510 seconds 
  Import took 0.017799 seconds .

========================================================================
Received Prepare
Registering precompiled user dll's ...
Registered in 0.005540 seconds.
Begin MonoManager ReloadAssembly
Native extension for WindowsStandalone target not found
Refreshing native plugins compatible for Editor in 0.47 ms, found 2 plugins.
Preloading 0 native plugins for Editor in 0.00 ms.
Mono: successfully reloaded assembly
- Completed reload, in  1.099 seconds
Domain Reload Profiling:
	ReloadAssembly (1100ms)
		BeginReloadAssembly (131ms)
			ExecutionOrderSort (0ms)
			DisableScriptedObjects (5ms)
			BackupInstance (0ms)
			ReleaseScriptingObjects (0ms)
			CreateAndSetChildDomain (37ms)
		EndReloadAssembly (892ms)
			LoadAssemblies (100ms)
			RebuildTransferFunctionScriptingTraits (0ms)
			SetupTypeCache (311ms)
			ReleaseScriptCaches (1ms)
			RebuildScriptCaches (52ms)
			SetupLoadedEditorAssemblies (319ms)
				LogAssemblyErrors (0ms)
				InitializePlatformSupportModulesInManaged (6ms)
				SetLoadedEditorAssemblies (0ms)
				RefreshPlugins (1ms)
				BeforeProcessingInitializeOnLoad (57ms)
				ProcessInitializeOnLoadAttributes (243ms)
				ProcessInitializeOnLoadMethodAttributes (5ms)
				AfterProcessingInitializeOnLoad (8ms)
				EditorAssembliesLoaded (0ms)
			ExecutionOrderSort2 (0ms)
			AwakeInstancesAfterBackupRestoration (8ms)
Platform modules already initialized, skipping
Refreshing native plugins compatible for Editor in 0.30 ms, found 2 plugins.
Preloading 0 native plugins for Editor in 0.00 ms.
Unloading 1385 Unused Serialized files (Serialized files now loaded: 0)
System memory in use before: 68.5 MB.
System memory in use after: 68.6 MB.

Unloading 14 unused Assets to reduce memory usage. Loaded Objects now: 1867.
Total: 2.102800 ms (FindLiveObjects: 0.196100 ms CreateObjectMapping: 0.052200 ms MarkObjects: 1.803700 ms  DeleteObjects: 0.049300 ms)

AssetImportParameters requested are different than current active one (requested -> active):
  custom:framework-win-MediaFoundation: 216162199b28c13a410421893ffa2e32 -> 
  custom:video-decoder-ogg-theora: a1e56fd34408186e4bbccfd4996cb3dc -> 
  custom:container-muxer-webm: aa71ff27fc2769a1b78a27578f13a17b -> 
  custom:container-demuxer-webm: 4f35f7cbe854078d1ac9338744f61a02 -> 
  custom:container-demuxer-ogg: 62fdf1f143b41e24485cea50d1cbac27 -> 
  custom:video-encoder-webm-vp8: eb34c28f22e8b96e1ab97ce403110664 -> 
  custom:video-decoder-webm-vp8: 9c59270c3fd7afecdb556c50c9e8de78 -> 
  custom:audio-decoder-ogg-vorbis: bf7c407c2cedff20999df2af8eb42d56 -> 
  custom:audio-encoder-webm-vorbis: bf7c407c2cedff20999df2af8eb42d56 -> 
AssetImportWorkerClient::OnTransportError - code=2 error=End of file
